{"/Users/stuartkinlochan/Code/financeapp/FinanceApp.Web/src/App.js": {"path":"/Users/stuartkinlochan/Code/financeapp/FinanceApp.Web/src/App.js","statementMap":{"0":{"start":{"line":11,"column":18},"end":{"line":18,"column":1}},"1":{"start":{"line":12,"column":4},"end":{"line":17,"column":10}},"2":{"start":{"line":20,"column":20},"end":{"line":27,"column":1}},"3":{"start":{"line":21,"column":4},"end":{"line":26,"column":10}},"4":{"start":{"line":29,"column":12},"end":{"line":105,"column":1}},"5":{"start":{"line":30,"column":48},"end":{"line":30,"column":62}},"6":{"start":{"line":31,"column":23},"end":{"line":31,"column":35}},"7":{"start":{"line":32,"column":23},"end":{"line":32,"column":35}},"8":{"start":{"line":35,"column":30},"end":{"line":38,"column":5}},"9":{"start":{"line":36,"column":8},"end":{"line":36,"column":70}},"10":{"start":{"line":37,"column":8},"end":{"line":37,"column":43}},"11":{"start":{"line":40,"column":4},"end":{"line":60,"column":11}},"12":{"start":{"line":41,"column":35},"end":{"line":46,"column":9}},"13":{"start":{"line":42,"column":12},"end":{"line":45,"column":13}},"14":{"start":{"line":43,"column":16},"end":{"line":43,"column":40}},"15":{"start":{"line":44,"column":16},"end":{"line":44,"column":50}},"16":{"start":{"line":48,"column":29},"end":{"line":51,"column":9}},"17":{"start":{"line":49,"column":12},"end":{"line":49,"column":36}},"18":{"start":{"line":50,"column":12},"end":{"line":50,"column":46}},"19":{"start":{"line":53,"column":8},"end":{"line":53,"column":67}},"20":{"start":{"line":54,"column":8},"end":{"line":54,"column":56}},"21":{"start":{"line":56,"column":8},"end":{"line":59,"column":10}},"22":{"start":{"line":57,"column":12},"end":{"line":57,"column":74}},"23":{"start":{"line":58,"column":12},"end":{"line":58,"column":63}},"24":{"start":{"line":62,"column":4},"end":{"line":104,"column":6}}},"fnMap":{"0":{"name":"(anonymous_0)","decl":{"start":{"line":11,"column":18},"end":{"line":11,"column":19}},"loc":{"start":{"line":12,"column":4},"end":{"line":17,"column":10}},"line":12},"1":{"name":"(anonymous_1)","decl":{"start":{"line":20,"column":20},"end":{"line":20,"column":21}},"loc":{"start":{"line":21,"column":4},"end":{"line":26,"column":10}},"line":21},"2":{"name":"(anonymous_2)","decl":{"start":{"line":29,"column":12},"end":{"line":29,"column":13}},"loc":{"start":{"line":29,"column":18},"end":{"line":105,"column":1}},"line":29},"3":{"name":"(anonymous_3)","decl":{"start":{"line":35,"column":30},"end":{"line":35,"column":31}},"loc":{"start":{"line":35,"column":36},"end":{"line":38,"column":5}},"line":35},"4":{"name":"(anonymous_4)","decl":{"start":{"line":40,"column":14},"end":{"line":40,"column":15}},"loc":{"start":{"line":40,"column":20},"end":{"line":60,"column":5}},"line":40},"5":{"name":"(anonymous_5)","decl":{"start":{"line":41,"column":35},"end":{"line":41,"column":36}},"loc":{"start":{"line":41,"column":46},"end":{"line":46,"column":9}},"line":41},"6":{"name":"(anonymous_6)","decl":{"start":{"line":48,"column":29},"end":{"line":48,"column":30}},"loc":{"start":{"line":48,"column":35},"end":{"line":51,"column":9}},"line":48},"7":{"name":"(anonymous_7)","decl":{"start":{"line":56,"column":15},"end":{"line":56,"column":16}},"loc":{"start":{"line":56,"column":21},"end":{"line":59,"column":9}},"line":56}},"branchMap":{"0":{"loc":{"start":{"line":36,"column":39},"end":{"line":36,"column":69}},"type":"cond-expr","locations":[{"start":{"line":36,"column":56},"end":{"line":36,"column":64}},{"start":{"line":36,"column":67},"end":{"line":36,"column":69}}],"line":36},"1":{"loc":{"start":{"line":42,"column":12},"end":{"line":45,"column":13}},"type":"if","locations":[{"start":{"line":42,"column":12},"end":{"line":45,"column":13}},{"start":{},"end":{}}],"line":42},"2":{"loc":{"start":{"line":42,"column":16},"end":{"line":42,"column":106}},"type":"binary-expr","locations":[{"start":{"line":42,"column":16},"end":{"line":42,"column":59}},{"start":{"line":42,"column":63},"end":{"line":42,"column":106}}],"line":42},"3":{"loc":{"start":{"line":66,"column":95},"end":{"line":66,"column":133}},"type":"cond-expr","locations":[{"start":{"line":66,"column":113},"end":{"line":66,"column":128}},{"start":{"line":66,"column":131},"end":{"line":66,"column":133}}],"line":66}},"s":{"0":0,"1":0,"2":0,"3":0,"4":0,"5":0,"6":0,"7":0,"8":0,"9":0,"10":0,"11":0,"12":0,"13":0,"14":0,"15":0,"16":0,"17":0,"18":0,"19":0,"20":0,"21":0,"22":0,"23":0,"24":0},"f":{"0":0,"1":0,"2":0,"3":0,"4":0,"5":0,"6":0,"7":0},"b":{"0":[0,0],"1":[0,0],"2":[0,0],"3":[0,0]}}
,"/Users/stuartkinlochan/Code/financeapp/FinanceApp.Web/src/authConfig.js": {"path":"/Users/stuartkinlochan/Code/financeapp/FinanceApp.Web/src/authConfig.js","statementMap":{"0":{"start":{"line":14,"column":26},"end":{"line":49,"column":1}},"1":{"start":{"line":27,"column":16},"end":{"line":29,"column":17}},"2":{"start":{"line":28,"column":20},"end":{"line":28,"column":27}},"3":{"start":{"line":30,"column":16},"end":{"line":45,"column":17}},"4":{"start":{"line":32,"column":24},"end":{"line":32,"column":47}},"5":{"start":{"line":33,"column":24},"end":{"line":33,"column":31}},"6":{"start":{"line":35,"column":24},"end":{"line":35,"column":46}},"7":{"start":{"line":36,"column":24},"end":{"line":36,"column":31}},"8":{"start":{"line":38,"column":24},"end":{"line":38,"column":47}},"9":{"start":{"line":39,"column":24},"end":{"line":39,"column":31}},"10":{"start":{"line":41,"column":24},"end":{"line":41,"column":46}},"11":{"start":{"line":42,"column":24},"end":{"line":42,"column":31}},"12":{"start":{"line":44,"column":24},"end":{"line":44,"column":31}},"13":{"start":{"line":57,"column":28},"end":{"line":59,"column":1}},"14":{"start":{"line":65,"column":27},"end":{"line":67,"column":1}}},"fnMap":{"0":{"name":"(anonymous_0)","decl":{"start":{"line":26,"column":28},"end":{"line":26,"column":29}},"loc":{"start":{"line":26,"column":61},"end":{"line":46,"column":13}},"line":26}},"branchMap":{"0":{"loc":{"start":{"line":27,"column":16},"end":{"line":29,"column":17}},"type":"if","locations":[{"start":{"line":27,"column":16},"end":{"line":29,"column":17}},{"start":{},"end":{}}],"line":27},"1":{"loc":{"start":{"line":30,"column":16},"end":{"line":45,"column":17}},"type":"switch","locations":[{"start":{"line":31,"column":20},"end":{"line":33,"column":31}},{"start":{"line":34,"column":20},"end":{"line":36,"column":31}},{"start":{"line":37,"column":20},"end":{"line":39,"column":31}},{"start":{"line":40,"column":20},"end":{"line":42,"column":31}},{"start":{"line":43,"column":20},"end":{"line":44,"column":31}}],"line":30}},"s":{"0":0,"1":0,"2":0,"3":0,"4":0,"5":0,"6":0,"7":0,"8":0,"9":0,"10":0,"11":0,"12":0,"13":0,"14":0},"f":{"0":0},"b":{"0":[0,0],"1":[0,0,0,0,0]}}
,"/Users/stuartkinlochan/Code/financeapp/FinanceApp.Web/src/index.js": {"path":"/Users/stuartkinlochan/Code/financeapp/FinanceApp.Web/src/index.js","statementMap":{"0":{"start":{"line":14,"column":21},"end":{"line":14,"column":60}},"1":{"start":{"line":16,"column":13},"end":{"line":16,"column":65}},"2":{"start":{"line":17,"column":0},"end":{"line":23,"column":2}},"3":{"start":{"line":28,"column":0},"end":{"line":28,"column":18}}},"fnMap":{},"branchMap":{},"s":{"0":0,"1":0,"2":0,"3":0},"f":{},"b":{}}
,"/Users/stuartkinlochan/Code/financeapp/FinanceApp.Web/src/reportWebVitals.js": {"path":"/Users/stuartkinlochan/Code/financeapp/FinanceApp.Web/src/reportWebVitals.js","statementMap":{"0":{"start":{"line":1,"column":24},"end":{"line":11,"column":1}},"1":{"start":{"line":2,"column":2},"end":{"line":10,"column":3}},"2":{"start":{"line":3,"column":4},"end":{"line":9,"column":7}},"3":{"start":{"line":4,"column":6},"end":{"line":4,"column":26}},"4":{"start":{"line":5,"column":6},"end":{"line":5,"column":26}},"5":{"start":{"line":6,"column":6},"end":{"line":6,"column":26}},"6":{"start":{"line":7,"column":6},"end":{"line":7,"column":26}},"7":{"start":{"line":8,"column":6},"end":{"line":8,"column":27}}},"fnMap":{"0":{"name":"(anonymous_0)","decl":{"start":{"line":1,"column":24},"end":{"line":1,"column":25}},"loc":{"start":{"line":1,"column":39},"end":{"line":11,"column":1}},"line":1},"1":{"name":"(anonymous_1)","decl":{"start":{"line":3,"column":30},"end":{"line":3,"column":31}},"loc":{"start":{"line":3,"column":79},"end":{"line":9,"column":5}},"line":3}},"branchMap":{"0":{"loc":{"start":{"line":2,"column":2},"end":{"line":10,"column":3}},"type":"if","locations":[{"start":{"line":2,"column":2},"end":{"line":10,"column":3}},{"start":{},"end":{}}],"line":2},"1":{"loc":{"start":{"line":2,"column":6},"end":{"line":2,"column":52}},"type":"binary-expr","locations":[{"start":{"line":2,"column":6},"end":{"line":2,"column":17}},{"start":{"line":2,"column":21},"end":{"line":2,"column":52}}],"line":2}},"s":{"0":0,"1":0,"2":0,"3":0,"4":0,"5":0,"6":0,"7":0},"f":{"0":0,"1":0},"b":{"0":[0,0],"1":[0,0]}}
,"/Users/stuartkinlochan/Code/financeapp/FinanceApp.Web/src/components/Breadcrumbs.js": {"path":"/Users/stuartkinlochan/Code/financeapp/FinanceApp.Web/src/components/Breadcrumbs.js","statementMap":{"0":{"start":{"line":5,"column":20},"end":{"line":27,"column":1}},"1":{"start":{"line":6,"column":19},"end":{"line":6,"column":32}},"2":{"start":{"line":7,"column":20},"end":{"line":7,"column":63}},"3":{"start":{"line":7,"column":61},"end":{"line":7,"column":62}},"4":{"start":{"line":9,"column":2},"end":{"line":26,"column":4}},"5":{"start":{"line":14,"column":21},"end":{"line":14,"column":51}},"6":{"start":{"line":15,"column":19},"end":{"line":15,"column":64}},"7":{"start":{"line":16,"column":8},"end":{"line":23,"column":10}}},"fnMap":{"0":{"name":"(anonymous_0)","decl":{"start":{"line":5,"column":20},"end":{"line":5,"column":21}},"loc":{"start":{"line":5,"column":26},"end":{"line":27,"column":1}},"line":5},"1":{"name":"(anonymous_1)","decl":{"start":{"line":7,"column":56},"end":{"line":7,"column":57}},"loc":{"start":{"line":7,"column":61},"end":{"line":7,"column":62}},"line":7},"2":{"name":"(anonymous_2)","decl":{"start":{"line":13,"column":21},"end":{"line":13,"column":22}},"loc":{"start":{"line":13,"column":39},"end":{"line":24,"column":7}},"line":13}},"branchMap":{"0":{"loc":{"start":{"line":12,"column":7},"end":{"line":12,"column":84}},"type":"binary-expr","locations":[{"start":{"line":12,"column":7},"end":{"line":12,"column":27}},{"start":{"line":12,"column":31},"end":{"line":12,"column":84}}],"line":12},"1":{"loc":{"start":{"line":16,"column":15},"end":{"line":23,"column":9}},"type":"cond-expr","locations":[{"start":{"line":17,"column":10},"end":{"line":17,"column":74}},{"start":{"line":19,"column":10},"end":{"line":22,"column":13}}],"line":16}},"s":{"0":0,"1":0,"2":0,"3":0,"4":0,"5":0,"6":0,"7":0},"f":{"0":0,"1":0,"2":0},"b":{"0":[0,0],"1":[0,0]}}
,"/Users/stuartkinlochan/Code/financeapp/FinanceApp.Web/src/components/NavigationLink.js": {"path":"/Users/stuartkinlochan/Code/financeapp/FinanceApp.Web/src/components/NavigationLink.js","statementMap":{"0":{"start":{"line":4,"column":23},"end":{"line":14,"column":1}},"1":{"start":{"line":5,"column":21},"end":{"line":5,"column":34}},"2":{"start":{"line":6,"column":21},"end":{"line":6,"column":45}},"3":{"start":{"line":7,"column":4},"end":{"line":13,"column":6}}},"fnMap":{"0":{"name":"(anonymous_0)","decl":{"start":{"line":4,"column":23},"end":{"line":4,"column":24}},"loc":{"start":{"line":4,"column":42},"end":{"line":14,"column":1}},"line":4}},"branchMap":{"0":{"loc":{"start":{"line":9,"column":44},"end":{"line":9,"column":68}},"type":"cond-expr","locations":[{"start":{"line":9,"column":55},"end":{"line":9,"column":63}},{"start":{"line":9,"column":66},"end":{"line":9,"column":68}}],"line":9}},"s":{"0":0,"1":0,"2":0,"3":0},"f":{"0":0},"b":{"0":[0,0]}}
,"/Users/stuartkinlochan/Code/financeapp/FinanceApp.Web/src/components/Pagination.js": {"path":"/Users/stuartkinlochan/Code/financeapp/FinanceApp.Web/src/components/Pagination.js","statementMap":{"0":{"start":{"line":3,"column":19},"end":{"line":17,"column":1}},"1":{"start":{"line":4,"column":23},"end":{"line":4,"column":55}},"2":{"start":{"line":6,"column":4},"end":{"line":16,"column":6}},"3":{"start":{"line":8,"column":51},"end":{"line":8,"column":68}},"4":{"start":{"line":12,"column":51},"end":{"line":12,"column":68}}},"fnMap":{"0":{"name":"(anonymous_0)","decl":{"start":{"line":3,"column":19},"end":{"line":3,"column":20}},"loc":{"start":{"line":3,"column":64},"end":{"line":17,"column":1}},"line":3},"1":{"name":"(anonymous_1)","decl":{"start":{"line":8,"column":45},"end":{"line":8,"column":46}},"loc":{"start":{"line":8,"column":51},"end":{"line":8,"column":68}},"line":8},"2":{"name":"(anonymous_2)","decl":{"start":{"line":12,"column":45},"end":{"line":12,"column":46}},"loc":{"start":{"line":12,"column":51},"end":{"line":12,"column":68}},"line":12}},"branchMap":{},"s":{"0":0,"1":0,"2":0,"3":0,"4":0},"f":{"0":0,"1":0,"2":0},"b":{}}
,"/Users/stuartkinlochan/Code/financeapp/FinanceApp.Web/src/components/clients/ClientLookup.js": {"path":"/Users/stuartkinlochan/Code/financeapp/FinanceApp.Web/src/components/clients/ClientLookup.js","statementMap":{"0":{"start":{"line":4,"column":21},"end":{"line":59,"column":1}},"1":{"start":{"line":5,"column":40},"end":{"line":5,"column":52}},"2":{"start":{"line":6,"column":46},"end":{"line":6,"column":58}},"3":{"start":{"line":7,"column":52},"end":{"line":7,"column":67}},"4":{"start":{"line":9,"column":25},"end":{"line":21,"column":5}},"5":{"start":{"line":11,"column":8},"end":{"line":11,"column":27}},"6":{"start":{"line":13,"column":8},"end":{"line":20,"column":9}},"7":{"start":{"line":14,"column":29},"end":{"line":14,"column":116}},"8":{"start":{"line":15,"column":12},"end":{"line":15,"column":44}},"9":{"start":{"line":16,"column":12},"end":{"line":16,"column":38}},"10":{"start":{"line":18,"column":12},"end":{"line":18,"column":61}},"11":{"start":{"line":19,"column":12},"end":{"line":19,"column":39}},"12":{"start":{"line":23,"column":4},"end":{"line":58,"column":6}},"13":{"start":{"line":32,"column":41},"end":{"line":32,"column":70}},"14":{"start":{"line":44,"column":40},"end":{"line":47,"column":45}},"15":{"start":{"line":45,"column":118},"end":{"line":45,"column":179}}},"fnMap":{"0":{"name":"(anonymous_0)","decl":{"start":{"line":4,"column":21},"end":{"line":4,"column":22}},"loc":{"start":{"line":4,"column":48},"end":{"line":59,"column":1}},"line":4},"1":{"name":"(anonymous_1)","decl":{"start":{"line":9,"column":25},"end":{"line":9,"column":26}},"loc":{"start":{"line":9,"column":38},"end":{"line":21,"column":5}},"line":9},"2":{"name":"(anonymous_2)","decl":{"start":{"line":32,"column":34},"end":{"line":32,"column":35}},"loc":{"start":{"line":32,"column":41},"end":{"line":32,"column":70}},"line":32},"3":{"name":"(anonymous_3)","decl":{"start":{"line":43,"column":55},"end":{"line":43,"column":56}},"loc":{"start":{"line":44,"column":40},"end":{"line":47,"column":45}},"line":44},"4":{"name":"(anonymous_4)","decl":{"start":{"line":45,"column":111},"end":{"line":45,"column":112}},"loc":{"start":{"line":45,"column":117},"end":{"line":45,"column":180}},"line":45}},"branchMap":{"0":{"loc":{"start":{"line":40,"column":24},"end":{"line":54,"column":25}},"type":"cond-expr","locations":[{"start":{"line":41,"column":28},"end":{"line":50,"column":36}},{"start":{"line":51,"column":28},"end":{"line":53,"column":45}}],"line":40},"1":{"loc":{"start":{"line":51,"column":28},"end":{"line":53,"column":45}},"type":"cond-expr","locations":[{"start":{"line":52,"column":32},"end":{"line":52,"column":80}},{"start":{"line":53,"column":33},"end":{"line":53,"column":44}}],"line":51}},"s":{"0":0,"1":0,"2":0,"3":0,"4":0,"5":0,"6":0,"7":0,"8":0,"9":0,"10":0,"11":0,"12":0,"13":0,"14":0,"15":0},"f":{"0":0,"1":0,"2":0,"3":0,"4":0},"b":{"0":[0,0],"1":[0,0]}}
,"/Users/stuartkinlochan/Code/financeapp/FinanceApp.Web/src/components/quotes/AddQuoteForm.js": {"path":"/Users/stuartkinlochan/Code/financeapp/FinanceApp.Web/src/components/quotes/AddQuoteForm.js","statementMap":{"0":{"start":{"line":8,"column":21},"end":{"line":118,"column":1}},"1":{"start":{"line":9,"column":40},"end":{"line":9,"column":52}},"2":{"start":{"line":10,"column":36},"end":{"line":10,"column":47}},"3":{"start":{"line":11,"column":40},"end":{"line":11,"column":52}},"4":{"start":{"line":12,"column":38},"end":{"line":12,"column":52}},"5":{"start":{"line":13,"column":38},"end":{"line":13,"column":53}},"6":{"start":{"line":14,"column":32},"end":{"line":14,"column":44}},"7":{"start":{"line":16,"column":25},"end":{"line":31,"column":5}},"8":{"start":{"line":17,"column":8},"end":{"line":17,"column":31}},"9":{"start":{"line":18,"column":25},"end":{"line":18,"column":60}},"10":{"start":{"line":19,"column":8},"end":{"line":30,"column":9}},"11":{"start":{"line":20,"column":29},"end":{"line":20,"column":98}},"12":{"start":{"line":21,"column":12},"end":{"line":21,"column":26}},"13":{"start":{"line":22,"column":12},"end":{"line":22,"column":34}},"14":{"start":{"line":24,"column":12},"end":{"line":29,"column":13}},"15":{"start":{"line":25,"column":16},"end":{"line":25,"column":53}},"16":{"start":{"line":26,"column":16},"end":{"line":26,"column":36}},"17":{"start":{"line":28,"column":16},"end":{"line":28,"column":70}},"18":{"start":{"line":33,"column":4},"end":{"line":36,"column":7}},"19":{"start":{"line":38,"column":4},"end":{"line":44,"column":20}},"20":{"start":{"line":39,"column":8},"end":{"line":43,"column":9}},"21":{"start":{"line":40,"column":12},"end":{"line":40,"column":52}},"22":{"start":{"line":42,"column":12},"end":{"line":42,"column":53}},"23":{"start":{"line":46,"column":4},"end":{"line":117,"column":6}},"24":{"start":{"line":61,"column":49},"end":{"line":61,"column":78}},"25":{"start":{"line":65,"column":51},"end":{"line":65,"column":75}},"26":{"start":{"line":66,"column":36},"end":{"line":66,"column":97}},"27":{"start":{"line":75,"column":49},"end":{"line":75,"column":78}},"28":{"start":{"line":79,"column":91},"end":{"line":79,"column":109}},"29":{"start":{"line":82,"column":51},"end":{"line":82,"column":73}},"30":{"start":{"line":83,"column":36},"end":{"line":83,"column":97}},"31":{"start":{"line":90,"column":36},"end":{"line":90,"column":58}},"32":{"start":{"line":91,"column":36},"end":{"line":91,"column":62}},"33":{"start":{"line":92,"column":36},"end":{"line":92,"column":56}},"34":{"start":{"line":94,"column":47},"end":{"line":94,"column":66}},"35":{"start":{"line":102,"column":49},"end":{"line":102,"column":77}},"36":{"start":{"line":106,"column":51},"end":{"line":106,"column":74}},"37":{"start":{"line":107,"column":36},"end":{"line":107,"column":97}}},"fnMap":{"0":{"name":"(anonymous_0)","decl":{"start":{"line":8,"column":21},"end":{"line":8,"column":22}},"loc":{"start":{"line":8,"column":47},"end":{"line":118,"column":1}},"line":8},"1":{"name":"(anonymous_1)","decl":{"start":{"line":16,"column":25},"end":{"line":16,"column":26}},"loc":{"start":{"line":16,"column":42},"end":{"line":31,"column":5}},"line":16},"2":{"name":"(anonymous_2)","decl":{"start":{"line":38,"column":14},"end":{"line":38,"column":15}},"loc":{"start":{"line":38,"column":20},"end":{"line":44,"column":5}},"line":38},"3":{"name":"(anonymous_3)","decl":{"start":{"line":61,"column":42},"end":{"line":61,"column":43}},"loc":{"start":{"line":61,"column":49},"end":{"line":61,"column":78}},"line":61},"4":{"name":"(anonymous_4)","decl":{"start":{"line":65,"column":46},"end":{"line":65,"column":47}},"loc":{"start":{"line":65,"column":51},"end":{"line":65,"column":75}},"line":65},"5":{"name":"(anonymous_5)","decl":{"start":{"line":65,"column":81},"end":{"line":65,"column":82}},"loc":{"start":{"line":66,"column":36},"end":{"line":66,"column":97}},"line":66},"6":{"name":"(anonymous_6)","decl":{"start":{"line":75,"column":42},"end":{"line":75,"column":43}},"loc":{"start":{"line":75,"column":49},"end":{"line":75,"column":78}},"line":75},"7":{"name":"(anonymous_7)","decl":{"start":{"line":79,"column":85},"end":{"line":79,"column":86}},"loc":{"start":{"line":79,"column":91},"end":{"line":79,"column":109}},"line":79},"8":{"name":"(anonymous_8)","decl":{"start":{"line":82,"column":46},"end":{"line":82,"column":47}},"loc":{"start":{"line":82,"column":51},"end":{"line":82,"column":73}},"line":82},"9":{"name":"(anonymous_9)","decl":{"start":{"line":82,"column":79},"end":{"line":82,"column":80}},"loc":{"start":{"line":83,"column":36},"end":{"line":83,"column":97}},"line":83},"10":{"name":"(anonymous_10)","decl":{"start":{"line":89,"column":42},"end":{"line":89,"column":43}},"loc":{"start":{"line":89,"column":68},"end":{"line":93,"column":33}},"line":89},"11":{"name":"(anonymous_11)","decl":{"start":{"line":94,"column":41},"end":{"line":94,"column":42}},"loc":{"start":{"line":94,"column":47},"end":{"line":94,"column":66}},"line":94},"12":{"name":"(anonymous_12)","decl":{"start":{"line":102,"column":42},"end":{"line":102,"column":43}},"loc":{"start":{"line":102,"column":49},"end":{"line":102,"column":77}},"line":102},"13":{"name":"(anonymous_13)","decl":{"start":{"line":106,"column":46},"end":{"line":106,"column":47}},"loc":{"start":{"line":106,"column":51},"end":{"line":106,"column":74}},"line":106},"14":{"name":"(anonymous_14)","decl":{"start":{"line":106,"column":80},"end":{"line":106,"column":81}},"loc":{"start":{"line":107,"column":36},"end":{"line":107,"column":97}},"line":107}},"branchMap":{"0":{"loc":{"start":{"line":24,"column":12},"end":{"line":29,"column":13}},"type":"if","locations":[{"start":{"line":24,"column":12},"end":{"line":29,"column":13}},{"start":{"line":27,"column":19},"end":{"line":29,"column":13}}],"line":24},"1":{"loc":{"start":{"line":24,"column":16},"end":{"line":24,"column":63}},"type":"binary-expr","locations":[{"start":{"line":24,"column":16},"end":{"line":24,"column":30}},{"start":{"line":24,"column":34},"end":{"line":24,"column":63}}],"line":24},"2":{"loc":{"start":{"line":25,"column":26},"end":{"line":25,"column":51}},"type":"binary-expr","locations":[{"start":{"line":25,"column":26},"end":{"line":25,"column":45}},{"start":{"line":25,"column":49},"end":{"line":25,"column":51}}],"line":25},"3":{"loc":{"start":{"line":39,"column":8},"end":{"line":43,"column":9}},"type":"if","locations":[{"start":{"line":39,"column":8},"end":{"line":43,"column":9}},{"start":{"line":41,"column":15},"end":{"line":43,"column":9}}],"line":39},"4":{"loc":{"start":{"line":87,"column":25},"end":{"line":96,"column":25}},"type":"binary-expr","locations":[{"start":{"line":87,"column":25},"end":{"line":87,"column":34}},{"start":{"line":88,"column":28},"end":{"line":95,"column":30}}],"line":87}},"s":{"0":0,"1":0,"2":0,"3":0,"4":0,"5":0,"6":0,"7":0,"8":0,"9":0,"10":0,"11":0,"12":0,"13":0,"14":0,"15":0,"16":0,"17":0,"18":0,"19":0,"20":0,"21":0,"22":0,"23":0,"24":0,"25":0,"26":0,"27":0,"28":0,"29":0,"30":0,"31":0,"32":0,"33":0,"34":0,"35":0,"36":0,"37":0},"f":{"0":0,"1":0,"2":0,"3":0,"4":0,"5":0,"6":0,"7":0,"8":0,"9":0,"10":0,"11":0,"12":0,"13":0,"14":0},"b":{"0":[0,0],"1":[0,0],"2":[0,0],"3":[0,0],"4":[0,0]}}
,"/Users/stuartkinlochan/Code/financeapp/FinanceApp.Web/src/components/quotes/EditQuoteForm.js": {"path":"/Users/stuartkinlochan/Code/financeapp/FinanceApp.Web/src/components/quotes/EditQuoteForm.js","statementMap":{},"fnMap":{},"branchMap":{},"s":{},"f":{},"b":{}}
,"/Users/stuartkinlochan/Code/financeapp/FinanceApp.Web/src/components/quotes/QuotesList.js": {"path":"/Users/stuartkinlochan/Code/financeapp/FinanceApp.Web/src/components/quotes/QuotesList.js","statementMap":{"0":{"start":{"line":8,"column":32},"end":{"line":8,"column":44}},"1":{"start":{"line":9,"column":30},"end":{"line":9,"column":44}},"2":{"start":{"line":10,"column":40},"end":{"line":10,"column":51}},"3":{"start":{"line":11,"column":28},"end":{"line":11,"column":39}},"4":{"start":{"line":12,"column":23},"end":{"line":12,"column":35}},"5":{"start":{"line":13,"column":32},"end":{"line":13,"column":44}},"6":{"start":{"line":15,"column":4},"end":{"line":29,"column":33}},"7":{"start":{"line":16,"column":28},"end":{"line":27,"column":9}},"8":{"start":{"line":17,"column":12},"end":{"line":26,"column":13}},"9":{"start":{"line":18,"column":33},"end":{"line":20,"column":18}},"10":{"start":{"line":21,"column":16},"end":{"line":21,"column":48}},"11":{"start":{"line":22,"column":16},"end":{"line":22,"column":51}},"12":{"start":{"line":24,"column":16},"end":{"line":24,"column":63}},"13":{"start":{"line":25,"column":16},"end":{"line":25,"column":50}},"14":{"start":{"line":28,"column":8},"end":{"line":28,"column":22}},"15":{"start":{"line":31,"column":4},"end":{"line":33,"column":5}},"16":{"start":{"line":32,"column":8},"end":{"line":32,"column":41}},"17":{"start":{"line":35,"column":31},"end":{"line":40,"column":5}},"18":{"start":{"line":36,"column":8},"end":{"line":39,"column":9}},"19":{"start":{"line":37,"column":12},"end":{"line":37,"column":42}},"20":{"start":{"line":38,"column":12},"end":{"line":38,"column":23}},"21":{"start":{"line":42,"column":4},"end":{"line":45,"column":7}},"22":{"start":{"line":47,"column":4},"end":{"line":94,"column":6}},"23":{"start":{"line":71,"column":28},"end":{"line":87,"column":33}},"24":{"start":{"line":72,"column":129},"end":{"line":72,"column":147}}},"fnMap":{"0":{"name":"QuotesList","decl":{"start":{"line":7,"column":9},"end":{"line":7,"column":19}},"loc":{"start":{"line":7,"column":41},"end":{"line":95,"column":1}},"line":7},"1":{"name":"(anonymous_1)","decl":{"start":{"line":15,"column":14},"end":{"line":15,"column":15}},"loc":{"start":{"line":15,"column":20},"end":{"line":29,"column":5}},"line":15},"2":{"name":"(anonymous_2)","decl":{"start":{"line":16,"column":28},"end":{"line":16,"column":29}},"loc":{"start":{"line":16,"column":40},"end":{"line":27,"column":9}},"line":16},"3":{"name":"(anonymous_3)","decl":{"start":{"line":35,"column":31},"end":{"line":35,"column":32}},"loc":{"start":{"line":35,"column":42},"end":{"line":40,"column":5}},"line":35},"4":{"name":"(anonymous_4)","decl":{"start":{"line":70,"column":36},"end":{"line":70,"column":37}},"loc":{"start":{"line":71,"column":28},"end":{"line":87,"column":33}},"line":71},"5":{"name":"(anonymous_5)","decl":{"start":{"line":72,"column":123},"end":{"line":72,"column":124}},"loc":{"start":{"line":72,"column":129},"end":{"line":72,"column":147}},"line":72}},"branchMap":{"0":{"loc":{"start":{"line":31,"column":4},"end":{"line":33,"column":5}},"type":"if","locations":[{"start":{"line":31,"column":4},"end":{"line":33,"column":5}},{"start":{},"end":{}}],"line":31},"1":{"loc":{"start":{"line":36,"column":8},"end":{"line":39,"column":9}},"type":"if","locations":[{"start":{"line":36,"column":8},"end":{"line":39,"column":9}},{"start":{},"end":{}}],"line":36},"2":{"loc":{"start":{"line":36,"column":12},"end":{"line":36,"column":76}},"type":"binary-expr","locations":[{"start":{"line":36,"column":12},"end":{"line":36,"column":43}},{"start":{"line":36,"column":47},"end":{"line":36,"column":76}}],"line":36}},"s":{"0":12,"1":12,"2":12,"3":12,"4":12,"5":12,"6":12,"7":8,"8":8,"9":8,"10":7,"11":6,"12":2,"13":2,"14":8,"15":12,"16":1,"17":11,"18":1,"19":1,"20":1,"21":11,"22":11,"23":8,"24":0},"f":{"0":12,"1":8,"2":8,"3":1,"4":8,"5":0},"b":{"0":[1,11],"1":[1,0],"2":[1,1]},"_coverageSchema":"1a1c01bbd47fc00a2c39e90264f33305004495a9","hash":"e37192d2314ae2b6af1baa36d59fb781f402d274"}
,"/Users/stuartkinlochan/Code/financeapp/FinanceApp.Web/src/components/quotes/QuotesWrapper.js": {"path":"/Users/stuartkinlochan/Code/financeapp/FinanceApp.Web/src/components/quotes/QuotesWrapper.js","statementMap":{"0":{"start":{"line":10,"column":46},"end":{"line":10,"column":68}},"1":{"start":{"line":11,"column":34},"end":{"line":11,"column":45}},"2":{"start":{"line":12,"column":21},"end":{"line":12,"column":34}},"3":{"start":{"line":14,"column":4},"end":{"line":16,"column":21}},"4":{"start":{"line":15,"column":8},"end":{"line":15,"column":39}},"5":{"start":{"line":18,"column":28},"end":{"line":19,"column":5}},"6":{"start":{"line":21,"column":30},"end":{"line":23,"column":5}},"7":{"start":{"line":22,"column":8},"end":{"line":22,"column":38}},"8":{"start":{"line":25,"column":27},"end":{"line":27,"column":5}},"9":{"start":{"line":26,"column":8},"end":{"line":26,"column":37}},"10":{"start":{"line":29,"column":28},"end":{"line":32,"column":5}},"11":{"start":{"line":30,"column":8},"end":{"line":30,"column":38}},"12":{"start":{"line":31,"column":8},"end":{"line":31,"column":28}},"13":{"start":{"line":34,"column":4},"end":{"line":43,"column":12}}},"fnMap":{"0":{"name":"QuotesWrapper","decl":{"start":{"line":8,"column":9},"end":{"line":8,"column":22}},"loc":{"start":{"line":8,"column":25},"end":{"line":44,"column":1}},"line":8},"1":{"name":"(anonymous_1)","decl":{"start":{"line":14,"column":14},"end":{"line":14,"column":15}},"loc":{"start":{"line":14,"column":20},"end":{"line":16,"column":7}},"line":14},"2":{"name":"(anonymous_2)","decl":{"start":{"line":18,"column":28},"end":{"line":18,"column":29}},"loc":{"start":{"line":18,"column":42},"end":{"line":19,"column":5}},"line":18},"3":{"name":"(anonymous_3)","decl":{"start":{"line":21,"column":30},"end":{"line":21,"column":31}},"loc":{"start":{"line":21,"column":36},"end":{"line":23,"column":5}},"line":21},"4":{"name":"(anonymous_4)","decl":{"start":{"line":25,"column":27},"end":{"line":25,"column":28}},"loc":{"start":{"line":25,"column":33},"end":{"line":27,"column":5}},"line":25},"5":{"name":"(anonymous_5)","decl":{"start":{"line":29,"column":28},"end":{"line":29,"column":29}},"loc":{"start":{"line":29,"column":41},"end":{"line":32,"column":5}},"line":29}},"branchMap":{"0":{"loc":{"start":{"line":36,"column":9},"end":{"line":42,"column":16}},"type":"cond-expr","locations":[{"start":{"line":37,"column":12},"end":{"line":37,"column":76}},{"start":{"line":38,"column":12},"end":{"line":42,"column":16}}],"line":36},"1":{"loc":{"start":{"line":38,"column":12},"end":{"line":42,"column":16}},"type":"cond-expr","locations":[{"start":{"line":39,"column":12},"end":{"line":39,"column":82}},{"start":{"line":40,"column":12},"end":{"line":42,"column":16}}],"line":38},"2":{"loc":{"start":{"line":40,"column":12},"end":{"line":42,"column":16}},"type":"cond-expr","locations":[{"start":{"line":41,"column":12},"end":{"line":41,"column":72}},{"start":{"line":42,"column":12},"end":{"line":42,"column":16}}],"line":40}},"s":{"0":0,"1":0,"2":0,"3":0,"4":0,"5":0,"6":0,"7":0,"8":0,"9":0,"10":0,"11":0,"12":0,"13":0},"f":{"0":0,"1":0,"2":0,"3":0,"4":0,"5":0},"b":{"0":[0,0],"1":[0,0],"2":[0,0]}}
,"/Users/stuartkinlochan/Code/financeapp/FinanceApp.Web/src/components/quotes/ViewQuote.js": {"path":"/Users/stuartkinlochan/Code/financeapp/FinanceApp.Web/src/components/quotes/ViewQuote.js","statementMap":{"0":{"start":{"line":5,"column":18},"end":{"line":71,"column":1}},"1":{"start":{"line":6,"column":40},"end":{"line":6,"column":52}},"2":{"start":{"line":7,"column":40},"end":{"line":7,"column":52}},"3":{"start":{"line":8,"column":38},"end":{"line":8,"column":52}},"4":{"start":{"line":10,"column":4},"end":{"line":24,"column":18}},"5":{"start":{"line":11,"column":27},"end":{"line":22,"column":9}},"6":{"start":{"line":12,"column":12},"end":{"line":21,"column":13}},"7":{"start":{"line":13,"column":33},"end":{"line":15,"column":18}},"8":{"start":{"line":16,"column":16},"end":{"line":16,"column":56}},"9":{"start":{"line":17,"column":16},"end":{"line":17,"column":100}},"10":{"start":{"line":18,"column":16},"end":{"line":18,"column":76}},"11":{"start":{"line":20,"column":16},"end":{"line":20,"column":62}},"12":{"start":{"line":23,"column":8},"end":{"line":23,"column":21}},"13":{"start":{"line":26,"column":23},"end":{"line":31,"column":5}},"14":{"start":{"line":27,"column":21},"end":{"line":27,"column":39}},"15":{"start":{"line":28,"column":22},"end":{"line":28,"column":66}},"16":{"start":{"line":29,"column":20},"end":{"line":29,"column":59}},"17":{"start":{"line":30,"column":8},"end":{"line":30,"column":41}},"18":{"start":{"line":33,"column":4},"end":{"line":70,"column":6}}},"fnMap":{"0":{"name":"(anonymous_0)","decl":{"start":{"line":5,"column":18},"end":{"line":5,"column":19}},"loc":{"start":{"line":5,"column":45},"end":{"line":71,"column":1}},"line":5},"1":{"name":"(anonymous_1)","decl":{"start":{"line":10,"column":14},"end":{"line":10,"column":15}},"loc":{"start":{"line":10,"column":20},"end":{"line":24,"column":5}},"line":10},"2":{"name":"(anonymous_2)","decl":{"start":{"line":11,"column":27},"end":{"line":11,"column":28}},"loc":{"start":{"line":11,"column":39},"end":{"line":22,"column":9}},"line":11},"3":{"name":"(anonymous_3)","decl":{"start":{"line":26,"column":23},"end":{"line":26,"column":24}},"loc":{"start":{"line":26,"column":33},"end":{"line":31,"column":5}},"line":26}},"branchMap":{},"s":{"0":0,"1":0,"2":0,"3":0,"4":0,"5":0,"6":0,"7":0,"8":0,"9":0,"10":0,"11":0,"12":0,"13":0,"14":0,"15":0,"16":0,"17":0,"18":0},"f":{"0":0,"1":0,"2":0,"3":0},"b":{}}
,"/Users/stuartkinlochan/Code/financeapp/FinanceApp.Web/src/components/utilities/constants.js": {"path":"/Users/stuartkinlochan/Code/financeapp/FinanceApp.Web/src/components/utilities/constants.js","statementMap":{"0":{"start":{"line":1,"column":23},"end":{"line":6,"column":3}}},"fnMap":{},"branchMap":{},"s":{"0":0},"f":{},"b":{}}
,"/Users/stuartkinlochan/Code/financeapp/FinanceApp.Web/src/components/utilities/formatting.js": {"path":"/Users/stuartkinlochan/Code/financeapp/FinanceApp.Web/src/components/utilities/formatting.js","statementMap":{"0":{"start":{"line":1,"column":26},"end":{"line":4,"column":1}},"1":{"start":{"line":2,"column":17},"end":{"line":2,"column":37}},"2":{"start":{"line":3,"column":4},"end":{"line":3,"column":134}}},"fnMap":{"0":{"name":"(anonymous_0)","decl":{"start":{"line":1,"column":26},"end":{"line":1,"column":27}},"loc":{"start":{"line":1,"column":42},"end":{"line":4,"column":1}},"line":1}},"branchMap":{},"s":{"0":2,"1":23,"2":23},"f":{"0":23},"b":{},"_coverageSchema":"1a1c01bbd47fc00a2c39e90264f33305004495a9","hash":"d3bf0b748bc34554e4932c4a80c2fdd1cba754ae"}
}
